  main.cpp
C:\Users\minic\source\repos\Unidad-3-MAV-entrega\main.cpp(3,426): warning C4244: 'argumento': conversión de 'T' a 'float'; posible pérdida de datos
C:\Users\minic\source\repos\Unidad-3-MAV-entrega\main.cpp(3,426): warning C4244:         with
C:\Users\minic\source\repos\Unidad-3-MAV-entrega\main.cpp(3,426): warning C4244:         [
C:\Users\minic\source\repos\Unidad-3-MAV-entrega\main.cpp(3,426): warning C4244:             T=unsigned int
C:\Users\minic\source\repos\Unidad-3-MAV-entrega\main.cpp(3,426): warning C4244:         ]
C:\Users\minic\source\repos\Unidad-3-MAV-entrega\main.cpp(4,43): warning C4244: 'argumento': conversión de 'T' a 'float'; posible pérdida de datos
C:\Users\minic\source\repos\Unidad-3-MAV-entrega\main.cpp(4,43): warning C4244:         with
C:\Users\minic\source\repos\Unidad-3-MAV-entrega\main.cpp(4,43): warning C4244:         [
C:\Users\minic\source\repos\Unidad-3-MAV-entrega\main.cpp(4,43): warning C4244:             T=unsigned int
C:\Users\minic\source\repos\Unidad-3-MAV-entrega\main.cpp(4,43): warning C4244:         ]
C:\Users\minic\source\repos\Unidad-3-MAV-entrega\main.cpp(5,95): warning C4244: 'argumento': conversión de 'T' a 'float'; posible pérdida de datos
C:\Users\minic\source\repos\Unidad-3-MAV-entrega\main.cpp(5,95): warning C4244:         with
C:\Users\minic\source\repos\Unidad-3-MAV-entrega\main.cpp(5,95): warning C4244:         [
C:\Users\minic\source\repos\Unidad-3-MAV-entrega\main.cpp(5,95): warning C4244:             T=unsigned int
C:\Users\minic\source\repos\Unidad-3-MAV-entrega\main.cpp(5,95): warning C4244:         ]
C:\Users\minic\source\repos\Unidad-3-MAV-entrega\main.cpp(5,40): warning C4244: 'argumento': conversión de 'T' a 'float'; posible pérdida de datos
C:\Users\minic\source\repos\Unidad-3-MAV-entrega\main.cpp(5,40): warning C4244:         with
C:\Users\minic\source\repos\Unidad-3-MAV-entrega\main.cpp(5,40): warning C4244:         [
C:\Users\minic\source\repos\Unidad-3-MAV-entrega\main.cpp(5,40): warning C4244:             T=unsigned int
C:\Users\minic\source\repos\Unidad-3-MAV-entrega\main.cpp(5,40): warning C4244:         ]
  Unidad 3 MAV entrega.vcxproj -> C:\Users\minic\Source\Repos\Unidad-3-MAV-entrega\Debug\Unidad 3 MAV entrega.exe
